<?xml version="1.0" encoding="UTF-8"?>
<!-- Generated by org.testng.reporters.JUnitXMLReporter -->
<testsuite hostname="Himanshu-PC" ignored="0" name="Test" tests="5" failures="0" timestamp="28 Aug 2018 13:37:41 GMT" time="0.338" errors="0">
  <testcase name="@BeforeClass setUp" time="0.19" classname="com.crm.testcases.SignUpPageTest">
    <failure type="java.lang.NullPointerException">
      <![CDATA[java.lang.NullPointerException
at com.crm.pages.LoginPage.clickSignUpLink(LoginPage.java:107)
at com.crm.testcases.SignUpPageTest.setUp(SignUpPageTest.java:31)
at java.util.concurrent.ThreadPoolExecutor.runWorker(Unknown Source)
at java.util.concurrent.ThreadPoolExecutor$Worker.run(Unknown Source)
at java.lang.Thread.run(Unknown Source)
... Removed 11 stack frames]]>
    </failure>
  </testcase> <!-- @BeforeClass setUp -->
  <testcase name="@AfterClass tearDown" time="0.0" classname="com.crm.testcases.SignUpPageTest">
    <skipped/>
  </testcase> <!-- @AfterClass tearDown -->
  <testcase name="verifySignUpCrmLogoTest" time="0.0" classname="com.crm.testcases.SignUpPageTest">
    <skipped/>
  </testcase> <!-- verifySignUpCrmLogoTest -->
  <testcase name="verifyEditionTextTest" time="0.0" classname="com.crm.testcases.SignUpPageTest">
    <skipped/>
  </testcase> <!-- verifyEditionTextTest -->
  <testcase name="validateSignUpPageTest" time="0.0" classname="com.crm.testcases.SignUpPageTest">
    <skipped/>
  </testcase> <!-- validateSignUpPageTest -->
  <testcase name="signUpPageAllFieldsTest" time="0.0" classname="com.crm.testcases.SignUpPageTest">
    <skipped/>
  </testcase> <!-- signUpPageAllFieldsTest -->
  <testcase name="verifySignUpFieldTextTest" time="0.0" classname="com.crm.testcases.SignUpPageTest">
    <skipped/>
  </testcase> <!-- verifySignUpFieldTextTest -->
</testsuite> <!-- Test -->
