<?xml version="1.0" encoding="UTF-8"?>
<testng-results skipped="0" failed="0" total="13" passed="13">
  <reporter-output>
  </reporter-output>
  <suite name="Default suite" duration-ms="69632" started-at="2018-08-30T19:32:16Z" finished-at="2018-08-30T19:33:26Z">
    <groups>
      <group name="LoginPage Logo Details">
        <method signature="LoginPageTest.CRMlogosTest()[pri:6, instance:com.crm.qa.testcases.LoginPageTest@5025a98f]" name="CRMlogosTest" class="com.crm.qa.testcases.LoginPageTest"/>
        <method signature="LoginPageTest.validateCRMHeaderTextTest()[pri:8, instance:com.crm.qa.testcases.LoginPageTest@5025a98f]" name="validateCRMHeaderTextTest" class="com.crm.qa.testcases.LoginPageTest"/>
        <method signature="LoginPageTest.validateCRMLogoDescriptionTest()[pri:9, instance:com.crm.qa.testcases.LoginPageTest@5025a98f]" name="validateCRMLogoDescriptionTest" class="com.crm.qa.testcases.LoginPageTest"/>
        <method signature="LoginPageTest.validateCRMlogoText()[pri:7, instance:com.crm.qa.testcases.LoginPageTest@5025a98f]" name="validateCRMlogoText" class="com.crm.qa.testcases.LoginPageTest"/>
        <method signature="LoginPageTest.validateGetMobileDescriptionTest()[pri:12, instance:com.crm.qa.testcases.LoginPageTest@5025a98f]" name="validateGetMobileDescriptionTest" class="com.crm.qa.testcases.LoginPageTest"/>
        <method signature="LoginPageTest.validateMarketingAutomationDescriptionTest()[pri:11, instance:com.crm.qa.testcases.LoginPageTest@5025a98f]" name="validateMarketingAutomationDescriptionTest" class="com.crm.qa.testcases.LoginPageTest"/>
        <method signature="LoginPageTest.validateSalesPipelineDescriptionTest()[pri:10, instance:com.crm.qa.testcases.LoginPageTest@5025a98f]" name="validateSalesPipelineDescriptionTest" class="com.crm.qa.testcases.LoginPageTest"/>
      </group> <!-- LoginPage Logo Details -->
    </groups>
    <test name="Default test" duration-ms="69632" started-at="2018-08-30T19:32:16Z" finished-at="2018-08-30T19:33:26Z">
      <class name="com.crm.qa.testcases.LoginPageTest">
        <test-method status="PASS" signature="testStart()[pri:0, instance:com.crm.qa.testcases.LoginPageTest@5025a98f]" name="testStart" is-config="true" duration-ms="707" started-at="2018-08-31T01:02:16Z" finished-at="2018-08-31T01:02:17Z">
          <reporter-output>
          </reporter-output>
        </test-method> <!-- testStart -->
        <test-method status="PASS" signature="setUp(java.lang.String)[pri:0, instance:com.crm.qa.testcases.LoginPageTest@5025a98f]" name="setUp" is-config="true" duration-ms="26471" started-at="2018-08-31T01:02:17Z" finished-at="2018-08-31T01:02:44Z">
          <params>
            <param index="0">
              <value is-null="true"/>
            </param>
          </params>
          <reporter-output>
          </reporter-output>
        </test-method> <!-- setUp -->
        <test-method status="PASS" signature="initialization()[pri:0, instance:com.crm.qa.testcases.LoginPageTest@5025a98f]" name="initialization" is-config="true" duration-ms="1089" started-at="2018-08-31T01:02:44Z" depends-on-methods="com.crm.base.TestEnvironment.setUp" finished-at="2018-08-31T01:02:45Z">
          <reporter-output>
          </reporter-output>
        </test-method> <!-- initialization -->
        <test-method status="PASS" signature="beforeMethod(java.lang.reflect.Method)[pri:0, instance:com.crm.qa.testcases.LoginPageTest@5025a98f]" name="beforeMethod" is-config="true" duration-ms="5" started-at="2018-08-31T01:02:45Z" finished-at="2018-08-31T01:02:45Z">
          <params>
            <param index="0">
              <value>
                <![CDATA[public void com.crm.qa.testcases.LoginPageTest.loginPageTitleTest()]]>
              </value>
            </param>
          </params>
          <reporter-output>
          </reporter-output>
        </test-method> <!-- beforeMethod -->
        <test-method status="PASS" signature="loginPageTitleTest()[pri:1, instance:com.crm.qa.testcases.LoginPageTest@5025a98f]" name="loginPageTitleTest" duration-ms="20" started-at="2018-08-31T01:02:45Z" finished-at="2018-08-31T01:02:45Z">
          <reporter-output>
          </reporter-output>
        </test-method> <!-- loginPageTitleTest -->
        <test-method status="PASS" signature="afterMethod(org.testng.ITestResult)[pri:0, instance:com.crm.qa.testcases.LoginPageTest@5025a98f]" name="afterMethod" is-config="true" duration-ms="4" started-at="2018-08-31T01:02:45Z" finished-at="2018-08-31T01:02:45Z">
          <params>
            <param index="0">
              <value>
                <![CDATA[[TestResult name=loginPageTitleTest status=SUCCESS method=LoginPageTest.loginPageTitleTest()[pri:1, instance:com.crm.qa.testcases.LoginPageTest@5025a98f] output={null}]]]>
              </value>
            </param>
          </params>
          <reporter-output>
          </reporter-output>
        </test-method> <!-- afterMethod -->
        <test-method status="PASS" signature="beforeMethod(java.lang.reflect.Method)[pri:0, instance:com.crm.qa.testcases.LoginPageTest@5025a98f]" name="beforeMethod" is-config="true" duration-ms="1" started-at="2018-08-31T01:02:45Z" finished-at="2018-08-31T01:02:45Z">
          <params>
            <param index="0">
              <value>
                <![CDATA[public void com.crm.qa.testcases.LoginPageTest.crmLogoImageTest()]]>
              </value>
            </param>
          </params>
          <reporter-output>
          </reporter-output>
        </test-method> <!-- beforeMethod -->
        <test-method status="PASS" signature="crmLogoImageTest()[pri:2, instance:com.crm.qa.testcases.LoginPageTest@5025a98f]" name="crmLogoImageTest" duration-ms="1781" started-at="2018-08-31T01:02:45Z" finished-at="2018-08-31T01:02:47Z">
          <reporter-output>
          </reporter-output>
        </test-method> <!-- crmLogoImageTest -->
        <test-method status="PASS" signature="afterMethod(org.testng.ITestResult)[pri:0, instance:com.crm.qa.testcases.LoginPageTest@5025a98f]" name="afterMethod" is-config="true" duration-ms="1" started-at="2018-08-31T01:02:47Z" finished-at="2018-08-31T01:02:47Z">
          <params>
            <param index="0">
              <value>
                <![CDATA[[TestResult name=crmLogoImageTest status=SUCCESS method=LoginPageTest.crmLogoImageTest()[pri:2, instance:com.crm.qa.testcases.LoginPageTest@5025a98f] output={null}]]]>
              </value>
            </param>
          </params>
          <reporter-output>
          </reporter-output>
        </test-method> <!-- afterMethod -->
        <test-method status="PASS" signature="beforeMethod(java.lang.reflect.Method)[pri:0, instance:com.crm.qa.testcases.LoginPageTest@5025a98f]" name="beforeMethod" is-config="true" duration-ms="1" started-at="2018-08-31T01:02:47Z" finished-at="2018-08-31T01:02:47Z">
          <params>
            <param index="0">
              <value>
                <![CDATA[public void com.crm.qa.testcases.LoginPageTest.signUpBtnTest()]]>
              </value>
            </param>
          </params>
          <reporter-output>
          </reporter-output>
        </test-method> <!-- beforeMethod -->
        <test-method status="PASS" signature="signUpBtnTest()[pri:3, instance:com.crm.qa.testcases.LoginPageTest@5025a98f]" name="signUpBtnTest" duration-ms="20125" started-at="2018-08-31T01:02:47Z" finished-at="2018-08-31T01:03:07Z">
          <exception class="org.openqa.selenium.NoSuchElementException">
            <message>
              <![CDATA[no such element: Unable to locate element: {"method":"xpath","selector":"//button[contains(text(),'Sign Up')]"}
  (Session info: chrome=68.0.3440.106)
  (Driver info: chromedriver=2.39.562718 (9a2698cba08cf5a471a29d30c8b3e12becabb0e9),platform=Windows NT 6.3.9600 x86_64) (WARNING: The server did not provide any stacktrace information)
Command duration or timeout: 0 milliseconds
For documentation on this error, please visit: http://seleniumhq.org/exceptions/no_such_element.html
Build info: version: '3.13.0', revision: '2f0d292', time: '2018-06-25T15:24:21.231Z'
System info: host: 'HIMANSHU-PC', ip: '172.20.10.8', os.name: 'Windows 8.1', os.arch: 'amd64', os.version: '6.3', java.version: '1.8.0_181'
Driver info: org.openqa.selenium.chrome.ChromeDriver
Capabilities {acceptInsecureCerts: false, acceptSslCerts: false, applicationCacheEnabled: false, browserConnectionEnabled: false, browserName: chrome, chrome: {chromedriverVersion: 2.39.562718 (9a2698cba08cf5..., userDataDir: C:\Users\Himanshu\AppData\L...}, cssSelectorsEnabled: true, databaseEnabled: false, handlesAlerts: true, hasTouchScreen: false, javascriptEnabled: true, locationContextEnabled: true, mobileEmulationEnabled: false, nativeEvents: true, networkConnectionEnabled: false, pageLoadStrategy: normal, platform: XP, platformName: XP, rotatable: false, setWindowRect: true, takesHeapSnapshot: true, takesScreenshot: true, unexpectedAlertBehaviour: , unhandledPromptBehavior: , version: 68.0.3440.106, webStorageEnabled: true}
Session ID: 24c2b67bb49c82d8398385c8e19b7a82
*** Element info: {Using=xpath, value=//button[contains(text(),'Sign Up')]}]]>
            </message>
            <full-stacktrace>
              <![CDATA[org.openqa.selenium.NoSuchElementException: no such element: Unable to locate element: {"method":"xpath","selector":"//button[contains(text(),'Sign Up')]"}
  (Session info: chrome=68.0.3440.106)
  (Driver info: chromedriver=2.39.562718 (9a2698cba08cf5a471a29d30c8b3e12becabb0e9),platform=Windows NT 6.3.9600 x86_64) (WARNING: The server did not provide any stacktrace information)
Command duration or timeout: 0 milliseconds
For documentation on this error, please visit: http://seleniumhq.org/exceptions/no_such_element.html
Build info: version: '3.13.0', revision: '2f0d292', time: '2018-06-25T15:24:21.231Z'
System info: host: 'HIMANSHU-PC', ip: '172.20.10.8', os.name: 'Windows 8.1', os.arch: 'amd64', os.version: '6.3', java.version: '1.8.0_181'
Driver info: org.openqa.selenium.chrome.ChromeDriver
Capabilities {acceptInsecureCerts: false, acceptSslCerts: false, applicationCacheEnabled: false, browserConnectionEnabled: false, browserName: chrome, chrome: {chromedriverVersion: 2.39.562718 (9a2698cba08cf5..., userDataDir: C:\Users\Himanshu\AppData\L...}, cssSelectorsEnabled: true, databaseEnabled: false, handlesAlerts: true, hasTouchScreen: false, javascriptEnabled: true, locationContextEnabled: true, mobileEmulationEnabled: false, nativeEvents: true, networkConnectionEnabled: false, pageLoadStrategy: normal, platform: XP, platformName: XP, rotatable: false, setWindowRect: true, takesHeapSnapshot: true, takesScreenshot: true, unexpectedAlertBehaviour: , unhandledPromptBehavior: , version: 68.0.3440.106, webStorageEnabled: true}
Session ID: 24c2b67bb49c82d8398385c8e19b7a82
*** Element info: {Using=xpath, value=//button[contains(text(),'Sign Up')]}
	at sun.reflect.NativeConstructorAccessorImpl.newInstance0(Native Method)
	at sun.reflect.NativeConstructorAccessorImpl.newInstance(Unknown Source)
	at sun.reflect.DelegatingConstructorAccessorImpl.newInstance(Unknown Source)
	at java.lang.reflect.Constructor.newInstance(Unknown Source)
	at org.openqa.selenium.remote.ErrorHandler.createThrowable(ErrorHandler.java:214)
	at org.openqa.selenium.remote.ErrorHandler.throwIfResponseFailed(ErrorHandler.java:166)
	at org.openqa.selenium.remote.http.JsonHttpResponseCodec.reconstructValue(JsonHttpResponseCodec.java:40)
	at org.openqa.selenium.remote.http.AbstractHttpResponseCodec.decode(AbstractHttpResponseCodec.java:80)
	at org.openqa.selenium.remote.http.AbstractHttpResponseCodec.decode(AbstractHttpResponseCodec.java:44)
	at org.openqa.selenium.remote.HttpCommandExecutor.execute(HttpCommandExecutor.java:158)
	at org.openqa.selenium.remote.service.DriverCommandExecutor.execute(DriverCommandExecutor.java:83)
	at org.openqa.selenium.remote.RemoteWebDriver.execute(RemoteWebDriver.java:548)
	at org.openqa.selenium.remote.RemoteWebDriver.findElement(RemoteWebDriver.java:322)
	at org.openqa.selenium.remote.RemoteWebDriver.findElementByXPath(RemoteWebDriver.java:424)
	at org.openqa.selenium.By$ByXPath.findElement(By.java:353)
	at org.openqa.selenium.remote.RemoteWebDriver.findElement(RemoteWebDriver.java:314)
	at sun.reflect.NativeMethodAccessorImpl.invoke0(Native Method)
	at sun.reflect.NativeMethodAccessorImpl.invoke(Unknown Source)
	at sun.reflect.DelegatingMethodAccessorImpl.invoke(Unknown Source)
	at java.lang.reflect.Method.invoke(Unknown Source)
	at org.openqa.selenium.support.events.EventFiringWebDriver.lambda$new$1(EventFiringWebDriver.java:105)
	at com.sun.proxy.$Proxy13.findElement(Unknown Source)
	at org.openqa.selenium.support.events.EventFiringWebDriver.findElement(EventFiringWebDriver.java:194)
	at org.openqa.selenium.support.pagefactory.DefaultElementLocator.findElement(DefaultElementLocator.java:69)
	at org.openqa.selenium.support.pagefactory.internal.LocatingElementHandler.invoke(LocatingElementHandler.java:38)
	at com.sun.proxy.$Proxy17.isDisplayed(Unknown Source)
	at com.crm.pages.LoginPage.validateSignUpBtn(LoginPage.java:107)
	at com.crm.qa.testcases.LoginPageTest.signUpBtnTest(LoginPageTest.java:48)
	at sun.reflect.NativeMethodAccessorImpl.invoke0(Native Method)
	at sun.reflect.NativeMethodAccessorImpl.invoke(Unknown Source)
	at sun.reflect.DelegatingMethodAccessorImpl.invoke(Unknown Source)
	at java.lang.reflect.Method.invoke(Unknown Source)
	at org.testng.internal.MethodInvocationHelper.invokeMethod(MethodInvocationHelper.java:85)
	at org.testng.internal.Invoker.invokeMethod(Invoker.java:639)
	at org.testng.internal.Invoker.invokeTestMethod(Invoker.java:816)
	at org.testng.internal.Invoker.invokeTestMethods(Invoker.java:1124)
	at org.testng.internal.TestMethodWorker.invokeTestMethods(TestMethodWorker.java:125)
	at org.testng.internal.TestMethodWorker.run(TestMethodWorker.java:108)
	at org.testng.TestRunner.privateRun(TestRunner.java:774)
	at org.testng.TestRunner.run(TestRunner.java:624)
	at org.testng.SuiteRunner.runTest(SuiteRunner.java:359)
	at org.testng.SuiteRunner.runSequentially(SuiteRunner.java:354)
	at org.testng.SuiteRunner.privateRun(SuiteRunner.java:312)
	at org.testng.SuiteRunner.run(SuiteRunner.java:261)
	at org.testng.SuiteRunnerWorker.runSuite(SuiteRunnerWorker.java:52)
	at org.testng.SuiteRunnerWorker.run(SuiteRunnerWorker.java:86)
	at org.testng.TestNG.runSuitesSequentially(TestNG.java:1191)
	at org.testng.TestNG.runSuitesLocally(TestNG.java:1116)
	at org.testng.TestNG.run(TestNG.java:1024)
	at org.testng.remote.AbstractRemoteTestNG.run(AbstractRemoteTestNG.java:114)
	at org.testng.remote.RemoteTestNG.initAndRun(RemoteTestNG.java:251)
	at org.testng.remote.RemoteTestNG.main(RemoteTestNG.java:77)
]]>
            </full-stacktrace>
          </exception> <!-- org.openqa.selenium.NoSuchElementException -->
          <reporter-output>
          </reporter-output>
        </test-method> <!-- signUpBtnTest -->
        <test-method status="PASS" signature="afterMethod(org.testng.ITestResult)[pri:0, instance:com.crm.qa.testcases.LoginPageTest@5025a98f]" name="afterMethod" is-config="true" duration-ms="1" started-at="2018-08-31T01:03:07Z" finished-at="2018-08-31T01:03:07Z">
          <params>
            <param index="0">
              <value>
                <![CDATA[[TestResult name=signUpBtnTest status=SUCCESS method=LoginPageTest.signUpBtnTest()[pri:3, instance:com.crm.qa.testcases.LoginPageTest@5025a98f] output={null}]]]>
              </value>
            </param>
          </params>
          <reporter-output>
          </reporter-output>
        </test-method> <!-- afterMethod -->
        <test-method status="PASS" signature="beforeMethod(java.lang.reflect.Method)[pri:0, instance:com.crm.qa.testcases.LoginPageTest@5025a98f]" name="beforeMethod" is-config="true" duration-ms="1" started-at="2018-08-31T01:03:07Z" finished-at="2018-08-31T01:03:07Z">
          <params>
            <param index="0">
              <value>
                <![CDATA[public void com.crm.qa.testcases.LoginPageTest.forgotPassLinkTest()]]>
              </value>
            </param>
          </params>
          <reporter-output>
          </reporter-output>
        </test-method> <!-- beforeMethod -->
        <test-method status="PASS" signature="forgotPassLinkTest()[pri:4, instance:com.crm.qa.testcases.LoginPageTest@5025a98f]" name="forgotPassLinkTest" duration-ms="84" started-at="2018-08-31T01:03:07Z" finished-at="2018-08-31T01:03:07Z">
          <reporter-output>
          </reporter-output>
        </test-method> <!-- forgotPassLinkTest -->
        <test-method status="PASS" signature="afterMethod(org.testng.ITestResult)[pri:0, instance:com.crm.qa.testcases.LoginPageTest@5025a98f]" name="afterMethod" is-config="true" duration-ms="0" started-at="2018-08-31T01:03:07Z" finished-at="2018-08-31T01:03:07Z">
          <params>
            <param index="0">
              <value>
                <![CDATA[[TestResult name=forgotPassLinkTest status=SUCCESS method=LoginPageTest.forgotPassLinkTest()[pri:4, instance:com.crm.qa.testcases.LoginPageTest@5025a98f] output={null}]]]>
              </value>
            </param>
          </params>
          <reporter-output>
          </reporter-output>
        </test-method> <!-- afterMethod -->
        <test-method status="PASS" signature="beforeMethod(java.lang.reflect.Method)[pri:0, instance:com.crm.qa.testcases.LoginPageTest@5025a98f]" name="beforeMethod" is-config="true" duration-ms="0" started-at="2018-08-31T01:03:07Z" finished-at="2018-08-31T01:03:07Z">
          <params>
            <param index="0">
              <value>
                <![CDATA[public void com.crm.qa.testcases.LoginPageTest.allLinkTexts()]]>
              </value>
            </param>
          </params>
          <reporter-output>
          </reporter-output>
        </test-method> <!-- beforeMethod -->
        <test-method status="PASS" signature="allLinkTexts()[pri:5, instance:com.crm.qa.testcases.LoginPageTest@5025a98f]" name="allLinkTexts" duration-ms="285" started-at="2018-08-31T01:03:07Z" finished-at="2018-08-31T01:03:07Z">
          <reporter-output>
          </reporter-output>
        </test-method> <!-- allLinkTexts -->
        <test-method status="PASS" signature="afterMethod(org.testng.ITestResult)[pri:0, instance:com.crm.qa.testcases.LoginPageTest@5025a98f]" name="afterMethod" is-config="true" duration-ms="1" started-at="2018-08-31T01:03:07Z" finished-at="2018-08-31T01:03:07Z">
          <params>
            <param index="0">
              <value>
                <![CDATA[[TestResult name=allLinkTexts status=SUCCESS method=LoginPageTest.allLinkTexts()[pri:5, instance:com.crm.qa.testcases.LoginPageTest@5025a98f] output={null}]]]>
              </value>
            </param>
          </params>
          <reporter-output>
          </reporter-output>
        </test-method> <!-- afterMethod -->
        <test-method status="PASS" signature="beforeMethod(java.lang.reflect.Method)[pri:0, instance:com.crm.qa.testcases.LoginPageTest@5025a98f]" name="beforeMethod" is-config="true" duration-ms="1" started-at="2018-08-31T01:03:07Z" finished-at="2018-08-31T01:03:07Z">
          <params>
            <param index="0">
              <value>
                <![CDATA[public void com.crm.qa.testcases.LoginPageTest.CRMlogosTest()]]>
              </value>
            </param>
          </params>
          <reporter-output>
          </reporter-output>
        </test-method> <!-- beforeMethod -->
        <test-method status="PASS" signature="CRMlogosTest()[pri:6, instance:com.crm.qa.testcases.LoginPageTest@5025a98f]" name="CRMlogosTest" duration-ms="308" started-at="2018-08-31T01:03:07Z" finished-at="2018-08-31T01:03:07Z">
          <reporter-output>
          </reporter-output>
        </test-method> <!-- CRMlogosTest -->
        <test-method status="PASS" signature="afterMethod(org.testng.ITestResult)[pri:0, instance:com.crm.qa.testcases.LoginPageTest@5025a98f]" name="afterMethod" is-config="true" duration-ms="1" started-at="2018-08-31T01:03:07Z" finished-at="2018-08-31T01:03:07Z">
          <params>
            <param index="0">
              <value>
                <![CDATA[[TestResult name=CRMlogosTest status=SUCCESS method=LoginPageTest.CRMlogosTest()[pri:6, instance:com.crm.qa.testcases.LoginPageTest@5025a98f] output={null}]]]>
              </value>
            </param>
          </params>
          <reporter-output>
          </reporter-output>
        </test-method> <!-- afterMethod -->
        <test-method status="PASS" signature="beforeMethod(java.lang.reflect.Method)[pri:0, instance:com.crm.qa.testcases.LoginPageTest@5025a98f]" name="beforeMethod" is-config="true" duration-ms="1" started-at="2018-08-31T01:03:07Z" finished-at="2018-08-31T01:03:07Z">
          <params>
            <param index="0">
              <value>
                <![CDATA[public void com.crm.qa.testcases.LoginPageTest.validateCRMlogoText()]]>
              </value>
            </param>
          </params>
          <reporter-output>
          </reporter-output>
        </test-method> <!-- beforeMethod -->
        <test-method status="PASS" signature="validateCRMlogoText()[pri:7, instance:com.crm.qa.testcases.LoginPageTest@5025a98f]" name="validateCRMlogoText" duration-ms="216" started-at="2018-08-31T01:03:07Z" finished-at="2018-08-31T01:03:08Z">
          <reporter-output>
          </reporter-output>
        </test-method> <!-- validateCRMlogoText -->
        <test-method status="PASS" signature="afterMethod(org.testng.ITestResult)[pri:0, instance:com.crm.qa.testcases.LoginPageTest@5025a98f]" name="afterMethod" is-config="true" duration-ms="1" started-at="2018-08-31T01:03:08Z" finished-at="2018-08-31T01:03:08Z">
          <params>
            <param index="0">
              <value>
                <![CDATA[[TestResult name=validateCRMlogoText status=SUCCESS method=LoginPageTest.validateCRMlogoText()[pri:7, instance:com.crm.qa.testcases.LoginPageTest@5025a98f] output={null}]]]>
              </value>
            </param>
          </params>
          <reporter-output>
          </reporter-output>
        </test-method> <!-- afterMethod -->
        <test-method status="PASS" signature="beforeMethod(java.lang.reflect.Method)[pri:0, instance:com.crm.qa.testcases.LoginPageTest@5025a98f]" name="beforeMethod" is-config="true" duration-ms="1" started-at="2018-08-31T01:03:08Z" finished-at="2018-08-31T01:03:08Z">
          <params>
            <param index="0">
              <value>
                <![CDATA[public void com.crm.qa.testcases.LoginPageTest.validateCRMHeaderTextTest()]]>
              </value>
            </param>
          </params>
          <reporter-output>
          </reporter-output>
        </test-method> <!-- beforeMethod -->
        <test-method status="PASS" signature="validateCRMHeaderTextTest()[pri:8, instance:com.crm.qa.testcases.LoginPageTest@5025a98f]" name="validateCRMHeaderTextTest" duration-ms="182" started-at="2018-08-31T01:03:08Z" finished-at="2018-08-31T01:03:08Z">
          <reporter-output>
          </reporter-output>
        </test-method> <!-- validateCRMHeaderTextTest -->
        <test-method status="PASS" signature="afterMethod(org.testng.ITestResult)[pri:0, instance:com.crm.qa.testcases.LoginPageTest@5025a98f]" name="afterMethod" is-config="true" duration-ms="1" started-at="2018-08-31T01:03:08Z" finished-at="2018-08-31T01:03:08Z">
          <params>
            <param index="0">
              <value>
                <![CDATA[[TestResult name=validateCRMHeaderTextTest status=SUCCESS method=LoginPageTest.validateCRMHeaderTextTest()[pri:8, instance:com.crm.qa.testcases.LoginPageTest@5025a98f] output={null}]]]>
              </value>
            </param>
          </params>
          <reporter-output>
          </reporter-output>
        </test-method> <!-- afterMethod -->
        <test-method status="PASS" signature="beforeMethod(java.lang.reflect.Method)[pri:0, instance:com.crm.qa.testcases.LoginPageTest@5025a98f]" name="beforeMethod" is-config="true" duration-ms="1" started-at="2018-08-31T01:03:08Z" finished-at="2018-08-31T01:03:08Z">
          <params>
            <param index="0">
              <value>
                <![CDATA[public void com.crm.qa.testcases.LoginPageTest.validateCRMLogoDescriptionTest()]]>
              </value>
            </param>
          </params>
          <reporter-output>
          </reporter-output>
        </test-method> <!-- beforeMethod -->
        <test-method status="PASS" signature="validateCRMLogoDescriptionTest()[pri:9, instance:com.crm.qa.testcases.LoginPageTest@5025a98f]" name="validateCRMLogoDescriptionTest" duration-ms="238" started-at="2018-08-31T01:03:08Z" finished-at="2018-08-31T01:03:08Z">
          <reporter-output>
          </reporter-output>
        </test-method> <!-- validateCRMLogoDescriptionTest -->
        <test-method status="PASS" signature="afterMethod(org.testng.ITestResult)[pri:0, instance:com.crm.qa.testcases.LoginPageTest@5025a98f]" name="afterMethod" is-config="true" duration-ms="1" started-at="2018-08-31T01:03:08Z" finished-at="2018-08-31T01:03:08Z">
          <params>
            <param index="0">
              <value>
                <![CDATA[[TestResult name=validateCRMLogoDescriptionTest status=SUCCESS method=LoginPageTest.validateCRMLogoDescriptionTest()[pri:9, instance:com.crm.qa.testcases.LoginPageTest@5025a98f] output={null}]]]>
              </value>
            </param>
          </params>
          <reporter-output>
          </reporter-output>
        </test-method> <!-- afterMethod -->
        <test-method status="PASS" signature="validateSalesPipelineDescriptionTest()[pri:10, instance:com.crm.qa.testcases.LoginPageTest@5025a98f]" name="validateSalesPipelineDescriptionTest" duration-ms="75" started-at="2018-08-31T01:03:08Z" finished-at="2018-08-31T01:03:08Z">
          <reporter-output>
          </reporter-output>
        </test-method> <!-- validateSalesPipelineDescriptionTest -->
        <test-method status="PASS" signature="beforeMethod(java.lang.reflect.Method)[pri:0, instance:com.crm.qa.testcases.LoginPageTest@5025a98f]" name="beforeMethod" is-config="true" duration-ms="0" started-at="2018-08-31T01:03:08Z" finished-at="2018-08-31T01:03:08Z">
          <params>
            <param index="0">
              <value>
                <![CDATA[public void com.crm.qa.testcases.LoginPageTest.validateSalesPipelineDescriptionTest()]]>
              </value>
            </param>
          </params>
          <reporter-output>
          </reporter-output>
        </test-method> <!-- beforeMethod -->
        <test-method status="PASS" signature="afterMethod(org.testng.ITestResult)[pri:0, instance:com.crm.qa.testcases.LoginPageTest@5025a98f]" name="afterMethod" is-config="true" duration-ms="0" started-at="2018-08-31T01:03:08Z" finished-at="2018-08-31T01:03:08Z">
          <params>
            <param index="0">
              <value>
                <![CDATA[[TestResult name=validateSalesPipelineDescriptionTest status=SUCCESS method=LoginPageTest.validateSalesPipelineDescriptionTest()[pri:10, instance:com.crm.qa.testcases.LoginPageTest@5025a98f] output={null}]]]>
              </value>
            </param>
          </params>
          <reporter-output>
          </reporter-output>
        </test-method> <!-- afterMethod -->
        <test-method status="PASS" signature="validateMarketingAutomationDescriptionTest()[pri:11, instance:com.crm.qa.testcases.LoginPageTest@5025a98f]" name="validateMarketingAutomationDescriptionTest" duration-ms="73" started-at="2018-08-31T01:03:08Z" finished-at="2018-08-31T01:03:08Z">
          <reporter-output>
          </reporter-output>
        </test-method> <!-- validateMarketingAutomationDescriptionTest -->
        <test-method status="PASS" signature="beforeMethod(java.lang.reflect.Method)[pri:0, instance:com.crm.qa.testcases.LoginPageTest@5025a98f]" name="beforeMethod" is-config="true" duration-ms="0" started-at="2018-08-31T01:03:08Z" finished-at="2018-08-31T01:03:08Z">
          <params>
            <param index="0">
              <value>
                <![CDATA[public void com.crm.qa.testcases.LoginPageTest.validateMarketingAutomationDescriptionTest()]]>
              </value>
            </param>
          </params>
          <reporter-output>
          </reporter-output>
        </test-method> <!-- beforeMethod -->
        <test-method status="PASS" signature="afterMethod(org.testng.ITestResult)[pri:0, instance:com.crm.qa.testcases.LoginPageTest@5025a98f]" name="afterMethod" is-config="true" duration-ms="1" started-at="2018-08-31T01:03:08Z" finished-at="2018-08-31T01:03:08Z">
          <params>
            <param index="0">
              <value>
                <![CDATA[[TestResult name=validateMarketingAutomationDescriptionTest status=SUCCESS method=LoginPageTest.validateMarketingAutomationDescriptionTest()[pri:11, instance:com.crm.qa.testcases.LoginPageTest@5025a98f] output={null}]]]>
              </value>
            </param>
          </params>
          <reporter-output>
          </reporter-output>
        </test-method> <!-- afterMethod -->
        <test-method status="PASS" signature="validateGetMobileDescriptionTest()[pri:12, instance:com.crm.qa.testcases.LoginPageTest@5025a98f]" name="validateGetMobileDescriptionTest" duration-ms="84" started-at="2018-08-31T01:03:08Z" finished-at="2018-08-31T01:03:08Z">
          <reporter-output>
          </reporter-output>
        </test-method> <!-- validateGetMobileDescriptionTest -->
        <test-method status="PASS" signature="beforeMethod(java.lang.reflect.Method)[pri:0, instance:com.crm.qa.testcases.LoginPageTest@5025a98f]" name="beforeMethod" is-config="true" duration-ms="0" started-at="2018-08-31T01:03:08Z" finished-at="2018-08-31T01:03:08Z">
          <params>
            <param index="0">
              <value>
                <![CDATA[public void com.crm.qa.testcases.LoginPageTest.validateGetMobileDescriptionTest()]]>
              </value>
            </param>
          </params>
          <reporter-output>
          </reporter-output>
        </test-method> <!-- beforeMethod -->
        <test-method status="PASS" signature="afterMethod(org.testng.ITestResult)[pri:0, instance:com.crm.qa.testcases.LoginPageTest@5025a98f]" name="afterMethod" is-config="true" duration-ms="0" started-at="2018-08-31T01:03:08Z" finished-at="2018-08-31T01:03:08Z">
          <params>
            <param index="0">
              <value>
                <![CDATA[[TestResult name=validateGetMobileDescriptionTest status=SUCCESS method=LoginPageTest.validateGetMobileDescriptionTest()[pri:12, instance:com.crm.qa.testcases.LoginPageTest@5025a98f] output={null}]]]>
              </value>
            </param>
          </params>
          <reporter-output>
          </reporter-output>
        </test-method> <!-- afterMethod -->
        <test-method status="PASS" signature="loginTest()[pri:13, instance:com.crm.qa.testcases.LoginPageTest@5025a98f]" name="loginTest" duration-ms="15533" started-at="2018-08-31T01:03:08Z" finished-at="2018-08-31T01:03:24Z">
          <reporter-output>
          </reporter-output>
        </test-method> <!-- loginTest -->
        <test-method status="PASS" signature="beforeMethod(java.lang.reflect.Method)[pri:0, instance:com.crm.qa.testcases.LoginPageTest@5025a98f]" name="beforeMethod" is-config="true" duration-ms="0" started-at="2018-08-31T01:03:08Z" finished-at="2018-08-31T01:03:08Z">
          <params>
            <param index="0">
              <value>
                <![CDATA[public void com.crm.qa.testcases.LoginPageTest.loginTest()]]>
              </value>
            </param>
          </params>
          <reporter-output>
          </reporter-output>
        </test-method> <!-- beforeMethod -->
        <test-method status="PASS" signature="afterMethod(org.testng.ITestResult)[pri:0, instance:com.crm.qa.testcases.LoginPageTest@5025a98f]" name="afterMethod" is-config="true" duration-ms="2" started-at="2018-08-31T01:03:24Z" finished-at="2018-08-31T01:03:24Z">
          <params>
            <param index="0">
              <value>
                <![CDATA[[TestResult name=loginTest status=SUCCESS method=LoginPageTest.loginTest()[pri:13, instance:com.crm.qa.testcases.LoginPageTest@5025a98f] output={null}]]]>
              </value>
            </param>
          </params>
          <reporter-output>
          </reporter-output>
        </test-method> <!-- afterMethod -->
        <test-method status="PASS" signature="tearDown()[pri:0, instance:com.crm.qa.testcases.LoginPageTest@5025a98f]" name="tearDown" is-config="true" duration-ms="1097" started-at="2018-08-31T01:03:24Z" finished-at="2018-08-31T01:03:25Z">
          <reporter-output>
          </reporter-output>
        </test-method> <!-- tearDown -->
        <test-method status="PASS" signature="testResult()[pri:0, instance:com.crm.qa.testcases.LoginPageTest@5025a98f]" name="testResult" is-config="true" duration-ms="1168" started-at="2018-08-31T01:03:25Z" finished-at="2018-08-31T01:03:26Z">
          <reporter-output>
          </reporter-output>
        </test-method> <!-- testResult -->
      </class> <!-- com.crm.qa.testcases.LoginPageTest -->
    </test> <!-- Default test -->
  </suite> <!-- Default suite -->
</testng-results>
