<?xml version="1.0" encoding="UTF-8"?>
<testng-results skipped="5" failed="0" total="5" passed="0">
  <reporter-output>
  </reporter-output>
  <suite name="Extent Report for CRM Application" duration-ms="55024" started-at="2018-09-05T08:23:33Z" finished-at="2018-09-05T08:24:28Z">
    <groups>
    </groups>
    <test name="CRM App - ChromeTest" duration-ms="55024" started-at="2018-09-05T08:23:33Z" finished-at="2018-09-05T08:24:28Z">
      <class name="com.crm.qa.testcases.SignUpPageTest">
        <test-method status="FAIL" signature="testStart()[pri:0, instance:com.crm.qa.testcases.SignUpPageTest@ff5b51f]" name="testStart" is-config="true" duration-ms="0" started-at="2018-09-05T13:53:33Z" finished-at="2018-09-05T13:53:33Z">
          <exception class="java.lang.NullPointerException">
            <full-stacktrace>
              <![CDATA[java.lang.NullPointerException
	at com.crm.base.TestEnvironment.testStart(TestEnvironment.java:51)
	at sun.reflect.NativeMethodAccessorImpl.invoke0(Native Method)
	at sun.reflect.NativeMethodAccessorImpl.invoke(Unknown Source)
	at sun.reflect.DelegatingMethodAccessorImpl.invoke(Unknown Source)
	at java.lang.reflect.Method.invoke(Unknown Source)
	at org.testng.internal.MethodInvocationHelper.invokeMethod(MethodInvocationHelper.java:85)
	at org.testng.internal.Invoker.invokeConfigurationMethod(Invoker.java:510)
	at org.testng.internal.Invoker.invokeConfigurations(Invoker.java:211)
	at org.testng.internal.Invoker.invokeConfigurations(Invoker.java:138)
	at org.testng.TestRunner.beforeRun(TestRunner.java:648)
	at org.testng.TestRunner.run(TestRunner.java:616)
	at org.testng.SuiteRunner.runTest(SuiteRunner.java:359)
	at org.testng.SuiteRunner.runSequentially(SuiteRunner.java:354)
	at org.testng.SuiteRunner.privateRun(SuiteRunner.java:312)
	at org.testng.SuiteRunner.run(SuiteRunner.java:261)
	at org.testng.SuiteRunnerWorker.runSuite(SuiteRunnerWorker.java:52)
	at org.testng.SuiteRunnerWorker.run(SuiteRunnerWorker.java:86)
	at org.testng.TestNG.runSuitesSequentially(TestNG.java:1191)
	at org.testng.TestNG.runSuitesLocally(TestNG.java:1116)
	at org.testng.TestNG.run(TestNG.java:1024)
	at org.testng.remote.AbstractRemoteTestNG.run(AbstractRemoteTestNG.java:114)
	at org.testng.remote.RemoteTestNG.initAndRun(RemoteTestNG.java:251)
	at org.testng.remote.RemoteTestNG.main(RemoteTestNG.java:77)
]]>
            </full-stacktrace>
          </exception> <!-- java.lang.NullPointerException -->
          <reporter-output>
          </reporter-output>
        </test-method> <!-- testStart -->
        <test-method status="PASS" signature="setUp(java.lang.String)[pri:0, instance:com.crm.qa.testcases.SignUpPageTest@ff5b51f]" name="setUp" is-config="true" duration-ms="53019" started-at="2018-09-05T13:53:34Z" finished-at="2018-09-05T13:54:27Z">
          <params>
            <param index="0">
              <value>
                <![CDATA[chrome]]>
              </value>
            </param>
          </params>
          <reporter-output>
          </reporter-output>
        </test-method> <!-- setUp -->
        <test-method status="SKIP" signature="initialization()[pri:0, instance:com.crm.qa.testcases.SignUpPageTest@ff5b51f]" name="initialization" is-config="true" duration-ms="0" started-at="2018-09-05T13:54:27Z" depends-on-methods="com.crm.base.TestEnvironment.setUp" finished-at="2018-09-05T13:54:27Z">
          <reporter-output>
          </reporter-output>
        </test-method> <!-- initialization -->
        <test-method status="SKIP" signature="beforeMethod(java.lang.reflect.Method)[pri:0, instance:com.crm.qa.testcases.SignUpPageTest@ff5b51f]" name="beforeMethod" is-config="true" duration-ms="0" started-at="2018-09-05T13:54:27Z" finished-at="2018-09-05T13:54:27Z">
          <reporter-output>
          </reporter-output>
        </test-method> <!-- beforeMethod -->
        <test-method status="SKIP" signature="verifySignUpCrmLogoTest()[pri:1, instance:com.crm.qa.testcases.SignUpPageTest@ff5b51f]" name="verifySignUpCrmLogoTest" duration-ms="2" started-at="2018-09-05T13:54:27Z" finished-at="2018-09-05T13:54:27Z">
          <reporter-output>
          </reporter-output>
        </test-method> <!-- verifySignUpCrmLogoTest -->
        <test-method status="SKIP" signature="afterMethod(org.testng.ITestResult)[pri:0, instance:com.crm.qa.testcases.SignUpPageTest@ff5b51f]" name="afterMethod" is-config="true" duration-ms="0" started-at="2018-09-05T13:54:27Z" finished-at="2018-09-05T13:54:27Z">
          <reporter-output>
          </reporter-output>
        </test-method> <!-- afterMethod -->
        <test-method status="SKIP" signature="beforeMethod(java.lang.reflect.Method)[pri:0, instance:com.crm.qa.testcases.SignUpPageTest@ff5b51f]" name="beforeMethod" is-config="true" duration-ms="0" started-at="2018-09-05T13:54:27Z" finished-at="2018-09-05T13:54:27Z">
          <reporter-output>
          </reporter-output>
        </test-method> <!-- beforeMethod -->
        <test-method status="SKIP" signature="verifyEditionTextTest()[pri:2, instance:com.crm.qa.testcases.SignUpPageTest@ff5b51f]" name="verifyEditionTextTest" duration-ms="2" started-at="2018-09-05T13:54:27Z" finished-at="2018-09-05T13:54:27Z">
          <reporter-output>
          </reporter-output>
        </test-method> <!-- verifyEditionTextTest -->
        <test-method status="SKIP" signature="afterMethod(org.testng.ITestResult)[pri:0, instance:com.crm.qa.testcases.SignUpPageTest@ff5b51f]" name="afterMethod" is-config="true" duration-ms="0" started-at="2018-09-05T13:54:27Z" finished-at="2018-09-05T13:54:27Z">
          <reporter-output>
          </reporter-output>
        </test-method> <!-- afterMethod -->
        <test-method status="SKIP" signature="beforeMethod(java.lang.reflect.Method)[pri:0, instance:com.crm.qa.testcases.SignUpPageTest@ff5b51f]" name="beforeMethod" is-config="true" duration-ms="0" started-at="2018-09-05T13:54:27Z" finished-at="2018-09-05T13:54:27Z">
          <reporter-output>
          </reporter-output>
        </test-method> <!-- beforeMethod -->
        <test-method status="SKIP" signature="validateSignUpPageTest()[pri:3, instance:com.crm.qa.testcases.SignUpPageTest@ff5b51f]" name="validateSignUpPageTest" duration-ms="3" started-at="2018-09-05T13:54:27Z" finished-at="2018-09-05T13:54:27Z">
          <reporter-output>
          </reporter-output>
        </test-method> <!-- validateSignUpPageTest -->
        <test-method status="SKIP" signature="afterMethod(org.testng.ITestResult)[pri:0, instance:com.crm.qa.testcases.SignUpPageTest@ff5b51f]" name="afterMethod" is-config="true" duration-ms="0" started-at="2018-09-05T13:54:27Z" finished-at="2018-09-05T13:54:27Z">
          <reporter-output>
          </reporter-output>
        </test-method> <!-- afterMethod -->
        <test-method status="SKIP" signature="beforeMethod(java.lang.reflect.Method)[pri:0, instance:com.crm.qa.testcases.SignUpPageTest@ff5b51f]" name="beforeMethod" is-config="true" duration-ms="0" started-at="2018-09-05T13:54:27Z" finished-at="2018-09-05T13:54:27Z">
          <reporter-output>
          </reporter-output>
        </test-method> <!-- beforeMethod -->
        <test-method status="SKIP" signature="signUpPageAllFieldsTest()[pri:4, instance:com.crm.qa.testcases.SignUpPageTest@ff5b51f]" name="signUpPageAllFieldsTest" duration-ms="3" started-at="2018-09-05T13:54:27Z" finished-at="2018-09-05T13:54:27Z">
          <reporter-output>
          </reporter-output>
        </test-method> <!-- signUpPageAllFieldsTest -->
        <test-method status="SKIP" signature="afterMethod(org.testng.ITestResult)[pri:0, instance:com.crm.qa.testcases.SignUpPageTest@ff5b51f]" name="afterMethod" is-config="true" duration-ms="0" started-at="2018-09-05T13:54:27Z" finished-at="2018-09-05T13:54:27Z">
          <reporter-output>
          </reporter-output>
        </test-method> <!-- afterMethod -->
        <test-method status="SKIP" signature="beforeMethod(java.lang.reflect.Method)[pri:0, instance:com.crm.qa.testcases.SignUpPageTest@ff5b51f]" name="beforeMethod" is-config="true" duration-ms="0" started-at="2018-09-05T13:54:27Z" finished-at="2018-09-05T13:54:27Z">
          <reporter-output>
          </reporter-output>
        </test-method> <!-- beforeMethod -->
        <test-method status="SKIP" signature="verifySignUpFieldTextTest()[pri:5, instance:com.crm.qa.testcases.SignUpPageTest@ff5b51f]" name="verifySignUpFieldTextTest" duration-ms="2" started-at="2018-09-05T13:54:27Z" finished-at="2018-09-05T13:54:27Z">
          <reporter-output>
          </reporter-output>
        </test-method> <!-- verifySignUpFieldTextTest -->
        <test-method status="SKIP" signature="afterMethod(org.testng.ITestResult)[pri:0, instance:com.crm.qa.testcases.SignUpPageTest@ff5b51f]" name="afterMethod" is-config="true" duration-ms="0" started-at="2018-09-05T13:54:27Z" finished-at="2018-09-05T13:54:27Z">
          <reporter-output>
          </reporter-output>
        </test-method> <!-- afterMethod -->
        <test-method status="PASS" signature="tearDown()[pri:0, instance:com.crm.qa.testcases.SignUpPageTest@ff5b51f]" name="tearDown" is-config="true" duration-ms="882" started-at="2018-09-05T13:54:27Z" finished-at="2018-09-05T13:54:28Z">
          <reporter-output>
          </reporter-output>
        </test-method> <!-- tearDown -->
        <test-method status="SKIP" signature="testResult()[pri:0, instance:com.crm.qa.testcases.SignUpPageTest@ff5b51f]" name="testResult" is-config="true" duration-ms="0" started-at="2018-09-05T13:54:28Z" finished-at="2018-09-05T13:54:28Z">
          <reporter-output>
          </reporter-output>
        </test-method> <!-- testResult -->
      </class> <!-- com.crm.qa.testcases.SignUpPageTest -->
    </test> <!-- CRM App - ChromeTest -->
  </suite> <!-- Extent Report for CRM Application -->
</testng-results>
