<?xml version="1.0" encoding="UTF-8"?>
<testng-results skipped="0" failed="1" ignored="0" total="13" passed="12">
  <reporter-output>
  </reporter-output>
  <suite name="Default suite" duration-ms="66374" started-at="2018-08-29T15:29:15Z" finished-at="2018-08-29T15:30:21Z">
    <groups>
      <group name="LoginPage Logo Details">
        <method signature="LoginPageTest.CRMlogosTest()[pri:6, instance:com.crm.qa.testcases.LoginPageTest@4671e53b]" name="CRMlogosTest" class="com.crm.qa.testcases.LoginPageTest"/>
        <method signature="LoginPageTest.validateCRMHeaderTextTest()[pri:8, instance:com.crm.qa.testcases.LoginPageTest@4671e53b]" name="validateCRMHeaderTextTest" class="com.crm.qa.testcases.LoginPageTest"/>
        <method signature="LoginPageTest.validateCRMLogoDescriptionTest()[pri:9, instance:com.crm.qa.testcases.LoginPageTest@4671e53b]" name="validateCRMLogoDescriptionTest" class="com.crm.qa.testcases.LoginPageTest"/>
        <method signature="LoginPageTest.validateCRMlogoText()[pri:7, instance:com.crm.qa.testcases.LoginPageTest@4671e53b]" name="validateCRMlogoText" class="com.crm.qa.testcases.LoginPageTest"/>
        <method signature="LoginPageTest.validateGetMobileDescriptionTest()[pri:12, instance:com.crm.qa.testcases.LoginPageTest@4671e53b]" name="validateGetMobileDescriptionTest" class="com.crm.qa.testcases.LoginPageTest"/>
        <method signature="LoginPageTest.validateMarketingAutomationDescriptionTest()[pri:11, instance:com.crm.qa.testcases.LoginPageTest@4671e53b]" name="validateMarketingAutomationDescriptionTest" class="com.crm.qa.testcases.LoginPageTest"/>
        <method signature="LoginPageTest.validateSalesPipelineDescriptionTest()[pri:10, instance:com.crm.qa.testcases.LoginPageTest@4671e53b]" name="validateSalesPipelineDescriptionTest" class="com.crm.qa.testcases.LoginPageTest"/>
      </group> <!-- LoginPage Logo Details -->
    </groups>
    <test name="Default test" duration-ms="66374" started-at="2018-08-29T15:29:15Z" finished-at="2018-08-29T15:30:21Z">
      <class name="com.crm.qa.testcases.LoginPageTest">
        <test-method status="PASS" signature="setUp()[pri:0, instance:com.crm.qa.testcases.LoginPageTest@4671e53b]" name="setUp" is-config="true" duration-ms="17110" started-at="2018-08-29T15:28:58Z" finished-at="2018-08-29T15:29:15Z">
          <reporter-output>
          </reporter-output>
        </test-method> <!-- setUp -->
        <test-method status="PASS" signature="testStart()[pri:0, instance:com.crm.qa.testcases.LoginPageTest@4671e53b]" name="testStart" is-config="true" duration-ms="996" started-at="2018-08-29T15:29:15Z" finished-at="2018-08-29T15:29:16Z">
          <reporter-output>
          </reporter-output>
        </test-method> <!-- testStart -->
        <test-method status="PASS" signature="initialization()[pri:0, instance:com.crm.qa.testcases.LoginPageTest@4671e53b]" name="initialization" is-config="true" duration-ms="132" started-at="2018-08-29T15:29:16Z" finished-at="2018-08-29T15:29:16Z">
          <reporter-output>
          </reporter-output>
        </test-method> <!-- initialization -->
        <test-method status="PASS" signature="beforeMethod(java.lang.reflect.Method)[pri:0, instance:com.crm.qa.testcases.LoginPageTest@4671e53b]" name="beforeMethod" is-config="true" duration-ms="8" started-at="2018-08-29T15:29:16Z" finished-at="2018-08-29T15:29:16Z">
          <params>
            <param index="0">
              <value>
                <![CDATA[public void com.crm.qa.testcases.LoginPageTest.loginPageTitleTest()]]>
              </value>
            </param>
          </params>
          <reporter-output>
          </reporter-output>
        </test-method> <!-- beforeMethod -->
        <test-method status="PASS" signature="loginPageTitleTest()[pri:1, instance:com.crm.qa.testcases.LoginPageTest@4671e53b]" name="loginPageTitleTest" duration-ms="36" started-at="2018-08-29T15:29:16Z" finished-at="2018-08-29T15:29:16Z">
          <reporter-output>
          </reporter-output>
        </test-method> <!-- loginPageTitleTest -->
        <test-method status="PASS" signature="afterMethod(org.testng.ITestResult)[pri:0, instance:com.crm.qa.testcases.LoginPageTest@4671e53b]" name="afterMethod" is-config="true" duration-ms="1224" started-at="2018-08-29T15:29:16Z" finished-at="2018-08-29T15:29:17Z">
          <params>
            <param index="0">
              <value>
                <![CDATA[[TestResult name=loginPageTitleTest status=SUCCESS method=LoginPageTest.loginPageTitleTest()[pri:1, instance:com.crm.qa.testcases.LoginPageTest@4671e53b] output={null}]]]>
              </value>
            </param>
          </params>
          <reporter-output>
          </reporter-output>
        </test-method> <!-- afterMethod -->
        <test-method status="PASS" signature="crmLogoImageTest()[pri:2, instance:com.crm.qa.testcases.LoginPageTest@4671e53b]" name="crmLogoImageTest" duration-ms="757" started-at="2018-08-29T15:29:17Z" finished-at="2018-08-29T15:29:18Z">
          <reporter-output>
          </reporter-output>
        </test-method> <!-- crmLogoImageTest -->
        <test-method status="PASS" signature="beforeMethod(java.lang.reflect.Method)[pri:0, instance:com.crm.qa.testcases.LoginPageTest@4671e53b]" name="beforeMethod" is-config="true" duration-ms="0" started-at="2018-08-29T15:29:17Z" finished-at="2018-08-29T15:29:17Z">
          <params>
            <param index="0">
              <value>
                <![CDATA[public void com.crm.qa.testcases.LoginPageTest.crmLogoImageTest()]]>
              </value>
            </param>
          </params>
          <reporter-output>
          </reporter-output>
        </test-method> <!-- beforeMethod -->
        <test-method status="PASS" signature="afterMethod(org.testng.ITestResult)[pri:0, instance:com.crm.qa.testcases.LoginPageTest@4671e53b]" name="afterMethod" is-config="true" duration-ms="1367" started-at="2018-08-29T15:29:18Z" finished-at="2018-08-29T15:29:19Z">
          <params>
            <param index="0">
              <value>
                <![CDATA[[TestResult name=crmLogoImageTest status=SUCCESS method=LoginPageTest.crmLogoImageTest()[pri:2, instance:com.crm.qa.testcases.LoginPageTest@4671e53b] output={null}]]]>
              </value>
            </param>
          </params>
          <reporter-output>
          </reporter-output>
        </test-method> <!-- afterMethod -->
        <test-method status="PASS" signature="beforeMethod(java.lang.reflect.Method)[pri:0, instance:com.crm.qa.testcases.LoginPageTest@4671e53b]" name="beforeMethod" is-config="true" duration-ms="0" started-at="2018-08-29T15:29:19Z" finished-at="2018-08-29T15:29:19Z">
          <params>
            <param index="0">
              <value>
                <![CDATA[public void com.crm.qa.testcases.LoginPageTest.signUpBtnTest()]]>
              </value>
            </param>
          </params>
          <reporter-output>
          </reporter-output>
        </test-method> <!-- beforeMethod -->
        <test-method status="PASS" signature="signUpBtnTest()[pri:3, instance:com.crm.qa.testcases.LoginPageTest@4671e53b]" name="signUpBtnTest" duration-ms="21071" started-at="2018-08-29T15:29:19Z" finished-at="2018-08-29T15:29:41Z">
          <exception class="org.openqa.selenium.NoSuchElementException">
            <message>
              <![CDATA[no such element: Unable to locate element: {"method":"xpath","selector":"//button[contains(text(),'Sign Up')]"}
  (Session info: chrome=68.0.3440.106)
  (Driver info: chromedriver=2.39.562718 (9a2698cba08cf5a471a29d30c8b3e12becabb0e9),platform=Windows NT 6.3.9600 x86_64) (WARNING: The server did not provide any stacktrace information)
Command duration or timeout: 0 milliseconds
For documentation on this error, please visit: http://seleniumhq.org/exceptions/no_such_element.html
Build info: version: '3.8.1', revision: '6e95a6684b', time: '2017-12-01T18:33:54.468Z'
System info: host: 'HIMANSHU-PC', ip: '192.168.0.102', os.name: 'Windows 8.1', os.arch: 'amd64', os.version: '6.3', java.version: '1.8.0_181'
Driver info: org.openqa.selenium.chrome.ChromeDriver
Capabilities {acceptInsecureCerts: false, acceptSslCerts: false, applicationCacheEnabled: false, browserConnectionEnabled: false, browserName: chrome, chrome: {chromedriverVersion: 2.39.562718 (9a2698cba08cf5..., userDataDir: C:\Users\Himanshu\AppData\L...}, cssSelectorsEnabled: true, databaseEnabled: false, handlesAlerts: true, hasTouchScreen: false, javascriptEnabled: true, locationContextEnabled: true, mobileEmulationEnabled: false, nativeEvents: true, networkConnectionEnabled: false, pageLoadStrategy: normal, platform: XP, platformName: XP, rotatable: false, setWindowRect: true, takesHeapSnapshot: true, takesScreenshot: true, unexpectedAlertBehaviour: , unhandledPromptBehavior: , version: 68.0.3440.106, webStorageEnabled: true}
Session ID: 79d51338badcfe7600b295131669db79
*** Element info: {Using=xpath, value=//button[contains(text(),'Sign Up')]}]]>
            </message>
            <full-stacktrace>
              <![CDATA[org.openqa.selenium.NoSuchElementException: no such element: Unable to locate element: {"method":"xpath","selector":"//button[contains(text(),'Sign Up')]"}
  (Session info: chrome=68.0.3440.106)
  (Driver info: chromedriver=2.39.562718 (9a2698cba08cf5a471a29d30c8b3e12becabb0e9),platform=Windows NT 6.3.9600 x86_64) (WARNING: The server did not provide any stacktrace information)
Command duration or timeout: 0 milliseconds
For documentation on this error, please visit: http://seleniumhq.org/exceptions/no_such_element.html
Build info: version: '3.8.1', revision: '6e95a6684b', time: '2017-12-01T18:33:54.468Z'
System info: host: 'HIMANSHU-PC', ip: '192.168.0.102', os.name: 'Windows 8.1', os.arch: 'amd64', os.version: '6.3', java.version: '1.8.0_181'
Driver info: org.openqa.selenium.chrome.ChromeDriver
Capabilities {acceptInsecureCerts: false, acceptSslCerts: false, applicationCacheEnabled: false, browserConnectionEnabled: false, browserName: chrome, chrome: {chromedriverVersion: 2.39.562718 (9a2698cba08cf5..., userDataDir: C:\Users\Himanshu\AppData\L...}, cssSelectorsEnabled: true, databaseEnabled: false, handlesAlerts: true, hasTouchScreen: false, javascriptEnabled: true, locationContextEnabled: true, mobileEmulationEnabled: false, nativeEvents: true, networkConnectionEnabled: false, pageLoadStrategy: normal, platform: XP, platformName: XP, rotatable: false, setWindowRect: true, takesHeapSnapshot: true, takesScreenshot: true, unexpectedAlertBehaviour: , unhandledPromptBehavior: , version: 68.0.3440.106, webStorageEnabled: true}
Session ID: 79d51338badcfe7600b295131669db79
*** Element info: {Using=xpath, value=//button[contains(text(),'Sign Up')]}
at sun.reflect.NativeConstructorAccessorImpl.newInstance0(Native Method)
at sun.reflect.NativeConstructorAccessorImpl.newInstance(Unknown Source)
at sun.reflect.DelegatingConstructorAccessorImpl.newInstance(Unknown Source)
at java.lang.reflect.Constructor.newInstance(Unknown Source)
at org.openqa.selenium.remote.ErrorHandler.createThrowable(ErrorHandler.java:214)
at org.openqa.selenium.remote.ErrorHandler.throwIfResponseFailed(ErrorHandler.java:166)
at org.openqa.selenium.remote.http.JsonHttpResponseCodec.reconstructValue(JsonHttpResponseCodec.java:40)
at org.openqa.selenium.remote.http.AbstractHttpResponseCodec.decode(AbstractHttpResponseCodec.java:80)
at org.openqa.selenium.remote.http.AbstractHttpResponseCodec.decode(AbstractHttpResponseCodec.java:44)
at org.openqa.selenium.remote.HttpCommandExecutor.execute(HttpCommandExecutor.java:164)
at org.openqa.selenium.remote.service.DriverCommandExecutor.execute(DriverCommandExecutor.java:83)
at org.openqa.selenium.remote.RemoteWebDriver.execute(RemoteWebDriver.java:601)
at org.openqa.selenium.remote.RemoteWebDriver.findElement(RemoteWebDriver.java:371)
at org.openqa.selenium.remote.RemoteWebDriver.findElementByXPath(RemoteWebDriver.java:473)
at org.openqa.selenium.By$ByXPath.findElement(By.java:361)
at org.openqa.selenium.remote.RemoteWebDriver.findElement(RemoteWebDriver.java:363)
at sun.reflect.NativeMethodAccessorImpl.invoke0(Native Method)
at sun.reflect.NativeMethodAccessorImpl.invoke(Unknown Source)
at sun.reflect.DelegatingMethodAccessorImpl.invoke(Unknown Source)
at java.lang.reflect.Method.invoke(Unknown Source)
at org.openqa.selenium.support.events.EventFiringWebDriver$2.invoke(EventFiringWebDriver.java:108)
at com.sun.proxy.$Proxy12.findElement(Unknown Source)
at org.openqa.selenium.support.events.EventFiringWebDriver.findElement(EventFiringWebDriver.java:192)
at org.openqa.selenium.support.pagefactory.DefaultElementLocator.findElement(DefaultElementLocator.java:69)
at org.openqa.selenium.support.pagefactory.internal.LocatingElementHandler.invoke(LocatingElementHandler.java:38)
at com.sun.proxy.$Proxy16.isDisplayed(Unknown Source)
at com.crm.pages.LoginPage.validateSignUpBtn(LoginPage.java:107)
at com.crm.qa.testcases.LoginPageTest.signUpBtnTest(LoginPageTest.java:47)
at sun.reflect.NativeMethodAccessorImpl.invoke0(Native Method)
at sun.reflect.NativeMethodAccessorImpl.invoke(Unknown Source)
at sun.reflect.DelegatingMethodAccessorImpl.invoke(Unknown Source)
at java.lang.reflect.Method.invoke(Unknown Source)
at org.testng.internal.MethodInvocationHelper.invokeMethod(MethodInvocationHelper.java:124)
at org.testng.internal.Invoker.invokeMethod(Invoker.java:580)
at org.testng.internal.Invoker.invokeTestMethod(Invoker.java:716)
at org.testng.internal.Invoker.invokeTestMethods(Invoker.java:988)
at org.testng.internal.TestMethodWorker.invokeTestMethods(TestMethodWorker.java:125)
at org.testng.internal.TestMethodWorker.run(TestMethodWorker.java:109)
at org.testng.TestRunner.privateRun(TestRunner.java:648)
at org.testng.TestRunner.run(TestRunner.java:505)
at org.testng.SuiteRunner.runTest(SuiteRunner.java:455)
at org.testng.SuiteRunner.runSequentially(SuiteRunner.java:450)
at org.testng.SuiteRunner.privateRun(SuiteRunner.java:415)
at org.testng.SuiteRunner.run(SuiteRunner.java:364)
at org.testng.SuiteRunnerWorker.runSuite(SuiteRunnerWorker.java:52)
at org.testng.SuiteRunnerWorker.run(SuiteRunnerWorker.java:84)
at org.testng.TestNG.runSuitesSequentially(TestNG.java:1208)
at org.testng.TestNG.runSuitesLocally(TestNG.java:1137)
at org.testng.TestNG.runSuites(TestNG.java:1049)
at org.testng.TestNG.run(TestNG.java:1017)
at org.testng.remote.AbstractRemoteTestNG.run(AbstractRemoteTestNG.java:114)
at org.testng.remote.RemoteTestNG.initAndRun(RemoteTestNG.java:251)
at org.testng.remote.RemoteTestNG.main(RemoteTestNG.java:77)
]]>
            </full-stacktrace>
          </exception> <!-- org.openqa.selenium.NoSuchElementException -->
          <reporter-output>
          </reporter-output>
        </test-method> <!-- signUpBtnTest -->
        <test-method status="PASS" signature="afterMethod(org.testng.ITestResult)[pri:0, instance:com.crm.qa.testcases.LoginPageTest@4671e53b]" name="afterMethod" is-config="true" duration-ms="782" started-at="2018-08-29T15:29:41Z" finished-at="2018-08-29T15:29:41Z">
          <params>
            <param index="0">
              <value>
                <![CDATA[[TestResult name=signUpBtnTest status=SUCCESS method=LoginPageTest.signUpBtnTest()[pri:3, instance:com.crm.qa.testcases.LoginPageTest@4671e53b] output={null}]]]>
              </value>
            </param>
          </params>
          <reporter-output>
          </reporter-output>
        </test-method> <!-- afterMethod -->
        <test-method status="PASS" signature="forgotPassLinkTest()[pri:4, instance:com.crm.qa.testcases.LoginPageTest@4671e53b]" name="forgotPassLinkTest" duration-ms="167" started-at="2018-08-29T15:29:41Z" finished-at="2018-08-29T15:29:42Z">
          <reporter-output>
          </reporter-output>
        </test-method> <!-- forgotPassLinkTest -->
        <test-method status="PASS" signature="beforeMethod(java.lang.reflect.Method)[pri:0, instance:com.crm.qa.testcases.LoginPageTest@4671e53b]" name="beforeMethod" is-config="true" duration-ms="0" started-at="2018-08-29T15:29:41Z" finished-at="2018-08-29T15:29:41Z">
          <params>
            <param index="0">
              <value>
                <![CDATA[public void com.crm.qa.testcases.LoginPageTest.forgotPassLinkTest()]]>
              </value>
            </param>
          </params>
          <reporter-output>
          </reporter-output>
        </test-method> <!-- beforeMethod -->
        <test-method status="PASS" signature="afterMethod(org.testng.ITestResult)[pri:0, instance:com.crm.qa.testcases.LoginPageTest@4671e53b]" name="afterMethod" is-config="true" duration-ms="799" started-at="2018-08-29T15:29:42Z" finished-at="2018-08-29T15:29:42Z">
          <params>
            <param index="0">
              <value>
                <![CDATA[[TestResult name=forgotPassLinkTest status=SUCCESS method=LoginPageTest.forgotPassLinkTest()[pri:4, instance:com.crm.qa.testcases.LoginPageTest@4671e53b] output={null}]]]>
              </value>
            </param>
          </params>
          <reporter-output>
          </reporter-output>
        </test-method> <!-- afterMethod -->
        <test-method status="PASS" signature="beforeMethod(java.lang.reflect.Method)[pri:0, instance:com.crm.qa.testcases.LoginPageTest@4671e53b]" name="beforeMethod" is-config="true" duration-ms="4" started-at="2018-08-29T15:29:42Z" finished-at="2018-08-29T15:29:42Z">
          <params>
            <param index="0">
              <value>
                <![CDATA[public void com.crm.qa.testcases.LoginPageTest.allLinkTexts()]]>
              </value>
            </param>
          </params>
          <reporter-output>
          </reporter-output>
        </test-method> <!-- beforeMethod -->
        <test-method status="PASS" signature="allLinkTexts()[pri:5, instance:com.crm.qa.testcases.LoginPageTest@4671e53b]" name="allLinkTexts" duration-ms="479" started-at="2018-08-29T15:29:42Z" finished-at="2018-08-29T15:29:43Z">
          <reporter-output>
          </reporter-output>
        </test-method> <!-- allLinkTexts -->
        <test-method status="PASS" signature="afterMethod(org.testng.ITestResult)[pri:0, instance:com.crm.qa.testcases.LoginPageTest@4671e53b]" name="afterMethod" is-config="true" duration-ms="850" started-at="2018-08-29T15:29:43Z" finished-at="2018-08-29T15:29:44Z">
          <params>
            <param index="0">
              <value>
                <![CDATA[[TestResult name=allLinkTexts status=SUCCESS method=LoginPageTest.allLinkTexts()[pri:5, instance:com.crm.qa.testcases.LoginPageTest@4671e53b] output={null}]]]>
              </value>
            </param>
          </params>
          <reporter-output>
          </reporter-output>
        </test-method> <!-- afterMethod -->
        <test-method status="PASS" signature="beforeMethod(java.lang.reflect.Method)[pri:0, instance:com.crm.qa.testcases.LoginPageTest@4671e53b]" name="beforeMethod" is-config="true" duration-ms="4" started-at="2018-08-29T15:29:44Z" finished-at="2018-08-29T15:29:44Z">
          <params>
            <param index="0">
              <value>
                <![CDATA[public void com.crm.qa.testcases.LoginPageTest.CRMlogosTest()]]>
              </value>
            </param>
          </params>
          <reporter-output>
          </reporter-output>
        </test-method> <!-- beforeMethod -->
        <test-method status="FAIL" signature="CRMlogosTest()[pri:6, instance:com.crm.qa.testcases.LoginPageTest@4671e53b]" name="CRMlogosTest" duration-ms="21239" started-at="2018-08-29T15:29:44Z" finished-at="2018-08-29T15:30:05Z">
          <exception class="org.openqa.selenium.NoSuchElementException">
            <message>
              <![CDATA[no such element: Unable to locate element: {"method":"xpath","selector":"//*[@class='fa fa-money skrollable skrollable-after']"}
  (Session info: chrome=68.0.3440.106)
  (Driver info: chromedriver=2.39.562718 (9a2698cba08cf5a471a29d30c8b3e12becabb0e9),platform=Windows NT 6.3.9600 x86_64) (WARNING: The server did not provide any stacktrace information)
Command duration or timeout: 0 milliseconds
For documentation on this error, please visit: http://seleniumhq.org/exceptions/no_such_element.html
Build info: version: '3.8.1', revision: '6e95a6684b', time: '2017-12-01T18:33:54.468Z'
System info: host: 'HIMANSHU-PC', ip: '192.168.0.102', os.name: 'Windows 8.1', os.arch: 'amd64', os.version: '6.3', java.version: '1.8.0_181'
Driver info: org.openqa.selenium.chrome.ChromeDriver
Capabilities {acceptInsecureCerts: false, acceptSslCerts: false, applicationCacheEnabled: false, browserConnectionEnabled: false, browserName: chrome, chrome: {chromedriverVersion: 2.39.562718 (9a2698cba08cf5..., userDataDir: C:\Users\Himanshu\AppData\L...}, cssSelectorsEnabled: true, databaseEnabled: false, handlesAlerts: true, hasTouchScreen: false, javascriptEnabled: true, locationContextEnabled: true, mobileEmulationEnabled: false, nativeEvents: true, networkConnectionEnabled: false, pageLoadStrategy: normal, platform: XP, platformName: XP, rotatable: false, setWindowRect: true, takesHeapSnapshot: true, takesScreenshot: true, unexpectedAlertBehaviour: , unhandledPromptBehavior: , version: 68.0.3440.106, webStorageEnabled: true}
Session ID: 79d51338badcfe7600b295131669db79
*** Element info: {Using=xpath, value=//*[@class='fa fa-money skrollable skrollable-after']}]]>
            </message>
            <full-stacktrace>
              <![CDATA[org.openqa.selenium.NoSuchElementException: no such element: Unable to locate element: {"method":"xpath","selector":"//*[@class='fa fa-money skrollable skrollable-after']"}
  (Session info: chrome=68.0.3440.106)
  (Driver info: chromedriver=2.39.562718 (9a2698cba08cf5a471a29d30c8b3e12becabb0e9),platform=Windows NT 6.3.9600 x86_64) (WARNING: The server did not provide any stacktrace information)
Command duration or timeout: 0 milliseconds
For documentation on this error, please visit: http://seleniumhq.org/exceptions/no_such_element.html
Build info: version: '3.8.1', revision: '6e95a6684b', time: '2017-12-01T18:33:54.468Z'
System info: host: 'HIMANSHU-PC', ip: '192.168.0.102', os.name: 'Windows 8.1', os.arch: 'amd64', os.version: '6.3', java.version: '1.8.0_181'
Driver info: org.openqa.selenium.chrome.ChromeDriver
Capabilities {acceptInsecureCerts: false, acceptSslCerts: false, applicationCacheEnabled: false, browserConnectionEnabled: false, browserName: chrome, chrome: {chromedriverVersion: 2.39.562718 (9a2698cba08cf5..., userDataDir: C:\Users\Himanshu\AppData\L...}, cssSelectorsEnabled: true, databaseEnabled: false, handlesAlerts: true, hasTouchScreen: false, javascriptEnabled: true, locationContextEnabled: true, mobileEmulationEnabled: false, nativeEvents: true, networkConnectionEnabled: false, pageLoadStrategy: normal, platform: XP, platformName: XP, rotatable: false, setWindowRect: true, takesHeapSnapshot: true, takesScreenshot: true, unexpectedAlertBehaviour: , unhandledPromptBehavior: , version: 68.0.3440.106, webStorageEnabled: true}
Session ID: 79d51338badcfe7600b295131669db79
*** Element info: {Using=xpath, value=//*[@class='fa fa-money skrollable skrollable-after']}
at sun.reflect.NativeConstructorAccessorImpl.newInstance0(Native Method)
at sun.reflect.NativeConstructorAccessorImpl.newInstance(Unknown Source)
at sun.reflect.DelegatingConstructorAccessorImpl.newInstance(Unknown Source)
at java.lang.reflect.Constructor.newInstance(Unknown Source)
at org.openqa.selenium.remote.ErrorHandler.createThrowable(ErrorHandler.java:214)
at org.openqa.selenium.remote.ErrorHandler.throwIfResponseFailed(ErrorHandler.java:166)
at org.openqa.selenium.remote.http.JsonHttpResponseCodec.reconstructValue(JsonHttpResponseCodec.java:40)
at org.openqa.selenium.remote.http.AbstractHttpResponseCodec.decode(AbstractHttpResponseCodec.java:80)
at org.openqa.selenium.remote.http.AbstractHttpResponseCodec.decode(AbstractHttpResponseCodec.java:44)
at org.openqa.selenium.remote.HttpCommandExecutor.execute(HttpCommandExecutor.java:164)
at org.openqa.selenium.remote.service.DriverCommandExecutor.execute(DriverCommandExecutor.java:83)
at org.openqa.selenium.remote.RemoteWebDriver.execute(RemoteWebDriver.java:601)
at org.openqa.selenium.remote.RemoteWebDriver.findElement(RemoteWebDriver.java:371)
at org.openqa.selenium.remote.RemoteWebDriver.findElementByXPath(RemoteWebDriver.java:473)
at org.openqa.selenium.By$ByXPath.findElement(By.java:361)
at org.openqa.selenium.remote.RemoteWebDriver.findElement(RemoteWebDriver.java:363)
at sun.reflect.NativeMethodAccessorImpl.invoke0(Native Method)
at sun.reflect.NativeMethodAccessorImpl.invoke(Unknown Source)
at sun.reflect.DelegatingMethodAccessorImpl.invoke(Unknown Source)
at java.lang.reflect.Method.invoke(Unknown Source)
at org.openqa.selenium.support.events.EventFiringWebDriver$2.invoke(EventFiringWebDriver.java:108)
at com.sun.proxy.$Proxy12.findElement(Unknown Source)
at org.openqa.selenium.support.events.EventFiringWebDriver.findElement(EventFiringWebDriver.java:192)
at org.openqa.selenium.support.pagefactory.DefaultElementLocator.findElement(DefaultElementLocator.java:69)
at org.openqa.selenium.support.pagefactory.internal.LocatingElementHandler.invoke(LocatingElementHandler.java:38)
at com.sun.proxy.$Proxy16.isDisplayed(Unknown Source)
at com.crm.pages.LoginPage.validateCRMlogos(LoginPage.java:126)
at com.crm.qa.testcases.LoginPageTest.CRMlogosTest(LoginPageTest.java:66)
at sun.reflect.NativeMethodAccessorImpl.invoke0(Native Method)
at sun.reflect.NativeMethodAccessorImpl.invoke(Unknown Source)
at sun.reflect.DelegatingMethodAccessorImpl.invoke(Unknown Source)
at java.lang.reflect.Method.invoke(Unknown Source)
at org.testng.internal.MethodInvocationHelper.invokeMethod(MethodInvocationHelper.java:124)
at org.testng.internal.Invoker.invokeMethod(Invoker.java:580)
at org.testng.internal.Invoker.invokeTestMethod(Invoker.java:716)
at org.testng.internal.Invoker.invokeTestMethods(Invoker.java:988)
at org.testng.internal.TestMethodWorker.invokeTestMethods(TestMethodWorker.java:125)
at org.testng.internal.TestMethodWorker.run(TestMethodWorker.java:109)
at org.testng.TestRunner.privateRun(TestRunner.java:648)
at org.testng.TestRunner.run(TestRunner.java:505)
at org.testng.SuiteRunner.runTest(SuiteRunner.java:455)
at org.testng.SuiteRunner.runSequentially(SuiteRunner.java:450)
at org.testng.SuiteRunner.privateRun(SuiteRunner.java:415)
at org.testng.SuiteRunner.run(SuiteRunner.java:364)
at org.testng.SuiteRunnerWorker.runSuite(SuiteRunnerWorker.java:52)
at org.testng.SuiteRunnerWorker.run(SuiteRunnerWorker.java:84)
at org.testng.TestNG.runSuitesSequentially(TestNG.java:1208)
at org.testng.TestNG.runSuitesLocally(TestNG.java:1137)
at org.testng.TestNG.runSuites(TestNG.java:1049)
at org.testng.TestNG.run(TestNG.java:1017)
at org.testng.remote.AbstractRemoteTestNG.run(AbstractRemoteTestNG.java:114)
at org.testng.remote.RemoteTestNG.initAndRun(RemoteTestNG.java:251)
at org.testng.remote.RemoteTestNG.main(RemoteTestNG.java:77)
]]>
            </full-stacktrace>
          </exception> <!-- org.openqa.selenium.NoSuchElementException -->
          <reporter-output>
          </reporter-output>
        </test-method> <!-- CRMlogosTest -->
        <test-method status="PASS" signature="afterMethod(org.testng.ITestResult)[pri:0, instance:com.crm.qa.testcases.LoginPageTest@4671e53b]" name="afterMethod" is-config="true" duration-ms="750" started-at="2018-08-29T15:30:05Z" finished-at="2018-08-29T15:30:06Z">
          <params>
            <param index="0">
              <value>
                <![CDATA[[TestResult name=CRMlogosTest status=FAILURE method=LoginPageTest.CRMlogosTest()[pri:6, instance:com.crm.qa.testcases.LoginPageTest@4671e53b] output={null}]]]>
              </value>
            </param>
          </params>
          <reporter-output>
          </reporter-output>
        </test-method> <!-- afterMethod -->
        <test-method status="PASS" signature="beforeMethod(java.lang.reflect.Method)[pri:0, instance:com.crm.qa.testcases.LoginPageTest@4671e53b]" name="beforeMethod" is-config="true" duration-ms="0" started-at="2018-08-29T15:30:06Z" finished-at="2018-08-29T15:30:06Z">
          <params>
            <param index="0">
              <value>
                <![CDATA[public void com.crm.qa.testcases.LoginPageTest.validateCRMlogoText()]]>
              </value>
            </param>
          </params>
          <reporter-output>
          </reporter-output>
        </test-method> <!-- beforeMethod -->
        <test-method status="PASS" signature="validateCRMlogoText()[pri:7, instance:com.crm.qa.testcases.LoginPageTest@4671e53b]" name="validateCRMlogoText" duration-ms="246" started-at="2018-08-29T15:30:06Z" finished-at="2018-08-29T15:30:06Z">
          <reporter-output>
          </reporter-output>
        </test-method> <!-- validateCRMlogoText -->
        <test-method status="PASS" signature="afterMethod(org.testng.ITestResult)[pri:0, instance:com.crm.qa.testcases.LoginPageTest@4671e53b]" name="afterMethod" is-config="true" duration-ms="525" started-at="2018-08-29T15:30:06Z" finished-at="2018-08-29T15:30:06Z">
          <params>
            <param index="0">
              <value>
                <![CDATA[[TestResult name=validateCRMlogoText status=SUCCESS method=LoginPageTest.validateCRMlogoText()[pri:7, instance:com.crm.qa.testcases.LoginPageTest@4671e53b] output={null}]]]>
              </value>
            </param>
          </params>
          <reporter-output>
          </reporter-output>
        </test-method> <!-- afterMethod -->
        <test-method status="PASS" signature="validateCRMHeaderTextTest()[pri:8, instance:com.crm.qa.testcases.LoginPageTest@4671e53b]" name="validateCRMHeaderTextTest" duration-ms="324" started-at="2018-08-29T15:30:06Z" finished-at="2018-08-29T15:30:07Z">
          <reporter-output>
          </reporter-output>
        </test-method> <!-- validateCRMHeaderTextTest -->
        <test-method status="PASS" signature="beforeMethod(java.lang.reflect.Method)[pri:0, instance:com.crm.qa.testcases.LoginPageTest@4671e53b]" name="beforeMethod" is-config="true" duration-ms="0" started-at="2018-08-29T15:30:06Z" finished-at="2018-08-29T15:30:06Z">
          <params>
            <param index="0">
              <value>
                <![CDATA[public void com.crm.qa.testcases.LoginPageTest.validateCRMHeaderTextTest()]]>
              </value>
            </param>
          </params>
          <reporter-output>
          </reporter-output>
        </test-method> <!-- beforeMethod -->
        <test-method status="PASS" signature="afterMethod(org.testng.ITestResult)[pri:0, instance:com.crm.qa.testcases.LoginPageTest@4671e53b]" name="afterMethod" is-config="true" duration-ms="577" started-at="2018-08-29T15:30:07Z" finished-at="2018-08-29T15:30:07Z">
          <params>
            <param index="0">
              <value>
                <![CDATA[[TestResult name=validateCRMHeaderTextTest status=SUCCESS method=LoginPageTest.validateCRMHeaderTextTest()[pri:8, instance:com.crm.qa.testcases.LoginPageTest@4671e53b] output={null}]]]>
              </value>
            </param>
          </params>
          <reporter-output>
          </reporter-output>
        </test-method> <!-- afterMethod -->
        <test-method status="PASS" signature="beforeMethod(java.lang.reflect.Method)[pri:0, instance:com.crm.qa.testcases.LoginPageTest@4671e53b]" name="beforeMethod" is-config="true" duration-ms="4" started-at="2018-08-29T15:30:07Z" finished-at="2018-08-29T15:30:07Z">
          <params>
            <param index="0">
              <value>
                <![CDATA[public void com.crm.qa.testcases.LoginPageTest.validateCRMLogoDescriptionTest()]]>
              </value>
            </param>
          </params>
          <reporter-output>
          </reporter-output>
        </test-method> <!-- beforeMethod -->
        <test-method status="PASS" signature="validateCRMLogoDescriptionTest()[pri:9, instance:com.crm.qa.testcases.LoginPageTest@4671e53b]" name="validateCRMLogoDescriptionTest" duration-ms="144" started-at="2018-08-29T15:30:07Z" finished-at="2018-08-29T15:30:07Z">
          <reporter-output>
          </reporter-output>
        </test-method> <!-- validateCRMLogoDescriptionTest -->
        <test-method status="PASS" signature="afterMethod(org.testng.ITestResult)[pri:0, instance:com.crm.qa.testcases.LoginPageTest@4671e53b]" name="afterMethod" is-config="true" duration-ms="456" started-at="2018-08-29T15:30:07Z" finished-at="2018-08-29T15:30:08Z">
          <params>
            <param index="0">
              <value>
                <![CDATA[[TestResult name=validateCRMLogoDescriptionTest status=SUCCESS method=LoginPageTest.validateCRMLogoDescriptionTest()[pri:9, instance:com.crm.qa.testcases.LoginPageTest@4671e53b] output={null}]]]>
              </value>
            </param>
          </params>
          <reporter-output>
          </reporter-output>
        </test-method> <!-- afterMethod -->
        <test-method status="PASS" signature="validateSalesPipelineDescriptionTest()[pri:10, instance:com.crm.qa.testcases.LoginPageTest@4671e53b]" name="validateSalesPipelineDescriptionTest" duration-ms="81" started-at="2018-08-29T15:30:08Z" finished-at="2018-08-29T15:30:08Z">
          <reporter-output>
          </reporter-output>
        </test-method> <!-- validateSalesPipelineDescriptionTest -->
        <test-method status="PASS" signature="beforeMethod(java.lang.reflect.Method)[pri:0, instance:com.crm.qa.testcases.LoginPageTest@4671e53b]" name="beforeMethod" is-config="true" duration-ms="0" started-at="2018-08-29T15:30:08Z" finished-at="2018-08-29T15:30:08Z">
          <params>
            <param index="0">
              <value>
                <![CDATA[public void com.crm.qa.testcases.LoginPageTest.validateSalesPipelineDescriptionTest()]]>
              </value>
            </param>
          </params>
          <reporter-output>
          </reporter-output>
        </test-method> <!-- beforeMethod -->
        <test-method status="PASS" signature="afterMethod(org.testng.ITestResult)[pri:0, instance:com.crm.qa.testcases.LoginPageTest@4671e53b]" name="afterMethod" is-config="true" duration-ms="524" started-at="2018-08-29T15:30:08Z" finished-at="2018-08-29T15:30:09Z">
          <params>
            <param index="0">
              <value>
                <![CDATA[[TestResult name=validateSalesPipelineDescriptionTest status=SUCCESS method=LoginPageTest.validateSalesPipelineDescriptionTest()[pri:10, instance:com.crm.qa.testcases.LoginPageTest@4671e53b] output={null}]]]>
              </value>
            </param>
          </params>
          <reporter-output>
          </reporter-output>
        </test-method> <!-- afterMethod -->
        <test-method status="PASS" signature="beforeMethod(java.lang.reflect.Method)[pri:0, instance:com.crm.qa.testcases.LoginPageTest@4671e53b]" name="beforeMethod" is-config="true" duration-ms="0" started-at="2018-08-29T15:30:09Z" finished-at="2018-08-29T15:30:09Z">
          <params>
            <param index="0">
              <value>
                <![CDATA[public void com.crm.qa.testcases.LoginPageTest.validateMarketingAutomationDescriptionTest()]]>
              </value>
            </param>
          </params>
          <reporter-output>
          </reporter-output>
        </test-method> <!-- beforeMethod -->
        <test-method status="PASS" signature="validateMarketingAutomationDescriptionTest()[pri:11, instance:com.crm.qa.testcases.LoginPageTest@4671e53b]" name="validateMarketingAutomationDescriptionTest" duration-ms="88" started-at="2018-08-29T15:30:09Z" finished-at="2018-08-29T15:30:09Z">
          <reporter-output>
          </reporter-output>
        </test-method> <!-- validateMarketingAutomationDescriptionTest -->
        <test-method status="PASS" signature="afterMethod(org.testng.ITestResult)[pri:0, instance:com.crm.qa.testcases.LoginPageTest@4671e53b]" name="afterMethod" is-config="true" duration-ms="704" started-at="2018-08-29T15:30:09Z" finished-at="2018-08-29T15:30:09Z">
          <params>
            <param index="0">
              <value>
                <![CDATA[[TestResult name=validateMarketingAutomationDescriptionTest status=SUCCESS method=LoginPageTest.validateMarketingAutomationDescriptionTest()[pri:11, instance:com.crm.qa.testcases.LoginPageTest@4671e53b] output={null}]]]>
              </value>
            </param>
          </params>
          <reporter-output>
          </reporter-output>
        </test-method> <!-- afterMethod -->
        <test-method status="PASS" signature="beforeMethod(java.lang.reflect.Method)[pri:0, instance:com.crm.qa.testcases.LoginPageTest@4671e53b]" name="beforeMethod" is-config="true" duration-ms="0" started-at="2018-08-29T15:30:09Z" finished-at="2018-08-29T15:30:09Z">
          <params>
            <param index="0">
              <value>
                <![CDATA[public void com.crm.qa.testcases.LoginPageTest.validateGetMobileDescriptionTest()]]>
              </value>
            </param>
          </params>
          <reporter-output>
          </reporter-output>
        </test-method> <!-- beforeMethod -->
        <test-method status="PASS" signature="validateGetMobileDescriptionTest()[pri:12, instance:com.crm.qa.testcases.LoginPageTest@4671e53b]" name="validateGetMobileDescriptionTest" duration-ms="85" started-at="2018-08-29T15:30:09Z" finished-at="2018-08-29T15:30:09Z">
          <reporter-output>
          </reporter-output>
        </test-method> <!-- validateGetMobileDescriptionTest -->
        <test-method status="PASS" signature="afterMethod(org.testng.ITestResult)[pri:0, instance:com.crm.qa.testcases.LoginPageTest@4671e53b]" name="afterMethod" is-config="true" duration-ms="544" started-at="2018-08-29T15:30:09Z" finished-at="2018-08-29T15:30:10Z">
          <params>
            <param index="0">
              <value>
                <![CDATA[[TestResult name=validateGetMobileDescriptionTest status=SUCCESS method=LoginPageTest.validateGetMobileDescriptionTest()[pri:12, instance:com.crm.qa.testcases.LoginPageTest@4671e53b] output={null}]]]>
              </value>
            </param>
          </params>
          <reporter-output>
          </reporter-output>
        </test-method> <!-- afterMethod -->
        <test-method status="PASS" signature="beforeMethod(java.lang.reflect.Method)[pri:0, instance:com.crm.qa.testcases.LoginPageTest@4671e53b]" name="beforeMethod" is-config="true" duration-ms="0" started-at="2018-08-29T15:30:10Z" finished-at="2018-08-29T15:30:10Z">
          <params>
            <param index="0">
              <value>
                <![CDATA[public void com.crm.qa.testcases.LoginPageTest.loginTest()]]>
              </value>
            </param>
          </params>
          <reporter-output>
          </reporter-output>
        </test-method> <!-- beforeMethod -->
        <test-method status="PASS" signature="loginTest()[pri:13, instance:com.crm.qa.testcases.LoginPageTest@4671e53b]" name="loginTest" duration-ms="10100" started-at="2018-08-29T15:30:10Z" finished-at="2018-08-29T15:30:20Z">
          <reporter-output>
          </reporter-output>
        </test-method> <!-- loginTest -->
        <test-method status="PASS" signature="afterMethod(org.testng.ITestResult)[pri:0, instance:com.crm.qa.testcases.LoginPageTest@4671e53b]" name="afterMethod" is-config="true" duration-ms="321" started-at="2018-08-29T15:30:20Z" finished-at="2018-08-29T15:30:20Z">
          <params>
            <param index="0">
              <value>
                <![CDATA[[TestResult name=loginTest status=SUCCESS method=LoginPageTest.loginTest()[pri:13, instance:com.crm.qa.testcases.LoginPageTest@4671e53b] output={null}]]]>
              </value>
            </param>
          </params>
          <reporter-output>
          </reporter-output>
        </test-method> <!-- afterMethod -->
        <test-method status="PASS" signature="testResult()[pri:0, instance:com.crm.qa.testcases.LoginPageTest@4671e53b]" name="testResult" is-config="true" duration-ms="886" started-at="2018-08-29T15:30:20Z" finished-at="2018-08-29T15:30:21Z">
          <reporter-output>
          </reporter-output>
        </test-method> <!-- testResult -->
        <test-method status="PASS" signature="tearDown()[pri:0, instance:com.crm.qa.testcases.LoginPageTest@4671e53b]" name="tearDown" is-config="true" duration-ms="888" started-at="2018-08-29T15:30:21Z" finished-at="2018-08-29T15:30:22Z">
          <reporter-output>
          </reporter-output>
        </test-method> <!-- tearDown -->
      </class> <!-- com.crm.qa.testcases.LoginPageTest -->
    </test> <!-- Default test -->
  </suite> <!-- Default suite -->
</testng-results>
