<?xml version="1.0" encoding="UTF-8"?>
<!-- Generated by org.testng.reporters.JUnitXMLReporter -->
<testsuite hostname="Himanshu-PC" name="ExtentReport CRM App Test Cases-parallel 1" tests="31" failures="0" timestamp="30 Aug 2018 17:58:05 GMT" time="229.907" errors="0">
  <testcase name="verifySignUpCrmLogoTest" time="0.137" classname="com.crm.qa.testcases.SignUpPageTest"/>
  <testcase name="verifyEditionTextTest" time="0.048" classname="com.crm.qa.testcases.SignUpPageTest"/>
  <testcase name="validateSignUpPageTest" time="1.567" classname="com.crm.qa.testcases.SignUpPageTest"/>
  <testcase name="signUpPageAllFieldsTest" time="9.257" classname="com.crm.qa.testcases.SignUpPageTest"/>
  <testcase name="verifySignUpFieldTextTest" time="0.084" classname="com.crm.qa.testcases.SignUpPageTest"/>
  <testcase name="loginPageTitleTest" time="0.052" classname="com.crm.qa.testcases.LoginPageTest"/>
  <testcase name="crmLogoImageTest" time="0.06" classname="com.crm.qa.testcases.LoginPageTest"/>
  <testcase name="signUpBtnTest" time="20.257" classname="com.crm.qa.testcases.LoginPageTest"/>
  <testcase name="forgotPassLinkTest" time="0.084" classname="com.crm.qa.testcases.LoginPageTest"/>
  <testcase name="allLinkTexts" time="0.264" classname="com.crm.qa.testcases.LoginPageTest"/>
  <testcase name="CRMlogosTest" time="0.284" classname="com.crm.qa.testcases.LoginPageTest"/>
  <testcase name="validateCRMlogoText" time="0.2" classname="com.crm.qa.testcases.LoginPageTest"/>
  <testcase name="validateCRMHeaderTextTest" time="0.227" classname="com.crm.qa.testcases.LoginPageTest"/>
  <testcase name="validateCRMLogoDescriptionTest" time="0.383" classname="com.crm.qa.testcases.LoginPageTest"/>
  <testcase name="validateSalesPipelineDescriptionTest" time="0.112" classname="com.crm.qa.testcases.LoginPageTest"/>
  <testcase name="validateMarketingAutomationDescriptionTest" time="0.068" classname="com.crm.qa.testcases.LoginPageTest"/>
  <testcase name="validateGetMobileDescriptionTest" time="0.076" classname="com.crm.qa.testcases.LoginPageTest"/>
  <testcase name="loginTest" time="9.459" classname="com.crm.qa.testcases.LoginPageTest"/>
  <testcase name="verifyHomePageTitleTest" time="0.012" classname="com.crm.qa.testcases.HomePageTest"/>
  <testcase name="verifyUserNameTest" time="0.111" classname="com.crm.qa.testcases.HomePageTest"/>
  <testcase name="verifyContactsLinkTest" time="1.919" classname="com.crm.qa.testcases.HomePageTest"/>
  <testcase name="verifyContactsPageLabel" time="0.07" classname="com.crm.qa.testcases.ContactsPageTest"/>
  <testcase name="validateCreateNewContact" time="5.996" classname="com.crm.qa.testcases.ContactsPageTest"/>
  <testcase name="validateCreateNewContact" time="5.022" classname="com.crm.qa.testcases.ContactsPageTest"/>
  <testcase name="validateCreateNewContact" time="4.694" classname="com.crm.qa.testcases.ContactsPageTest"/>
  <testcase name="selectMultipleContactsTest" time="0.064" classname="com.crm.qa.testcases.ContactsPageTest"/>
  <testcase name="selectSingleContactsTest" time="1.23" classname="com.crm.qa.testcases.ContactsPageTest"/>
  <testcase name="deleteContactsFromList" time="0.188" classname="com.crm.qa.testcases.ContactsPageTest"/>
  <testcase name="deleteContactsFromList" time="0.164" classname="com.crm.qa.testcases.ContactsPageTest"/>
  <testcase name="deleteContactsFromList" time="0.184" classname="com.crm.qa.testcases.ContactsPageTest"/>
  <testcase name="deleteSelectedContacts" time="4.594" classname="com.crm.qa.testcases.ContactsPageTest"/>
</testsuite> <!-- ExtentReport CRM App Test Cases-parallel 1 -->
